Downloading https://repo1.maven.org/maven2/io/monix/monix-execution_2.12/2.3.3/monix-execution_2.12-2.3.3.pom
Downloading https://repo1.maven.org/maven2/ch/epfl/scala/directory-watcher/0.8.0+6-f651bd93/directory-watcher-0.8.0+6-f651bd93.pom
Downloading https://repo1.maven.org/maven2/ch/epfl/scala/directory-watcher/0.8.0+6-f651bd93/directory-watcher-0.8.0+6-f651bd93.pom.sha1
Downloading https://repo1.maven.org/maven2/ch/epfl/scala/bsp4s_2.12/2.0.0-M1/bsp4s_2.12-2.0.0-M1.pom
Downloading https://repo1.maven.org/maven2/ch/epfl/scala/bsp4s_2.12/2.0.0-M1/bsp4s_2.12-2.0.0-M1.pom.sha1
Downloading https://repo1.maven.org/maven2/io/circe/circe-parser_2.12/0.9.3/
Downloading https://repo1.maven.org/maven2/org/scala-sbt/test-agent/1.0.4/
Downloading https://repo1.maven.org/maven2/ch/epfl/scala/nailgun-server/6992a3bf/
Downloaded https://repo1.maven.org/maven2/io/circe/circe-parser_2.12/0.9.3/
Downloading https://repo1.maven.org/maven2/io/get-coursier/coursier_2.12/1.1.0-M3/
Downloaded https://repo1.maven.org/maven2/io/monix/monix-execution_2.12/2.3.3/monix-execution_2.12-2.3.3.pom
Downloading https://repo1.maven.org/maven2/ch/epfl/scala/zinc_2.12/1.2.1+106-0dad4a69/
Downloaded https://repo1.maven.org/maven2/ch/epfl/scala/directory-watcher/0.8.0+6-f651bd93/directory-watcher-0.8.0+6-f651bd93.pom
Downloading https://repo1.maven.org/maven2/io/monix/monix-types_2.12/2.3.3/
Downloaded https://repo1.maven.org/maven2/ch/epfl/scala/directory-watcher/0.8.0+6-f651bd93/directory-watcher-0.8.0+6-f651bd93.pom.sha1
Downloading https://repo1.maven.org/maven2/io/get-coursier/coursier-scalaz-interop_2.12/1.1.0-M3/
Downloaded https://repo1.maven.org/maven2/ch/epfl/scala/zinc_2.12/1.2.1+106-0dad4a69/
Downloading https://repo1.maven.org/maven2/org/scalaz/scalaz-concurrent_2.12/7.2.20/
Downloaded https://repo1.maven.org/maven2/org/scala-sbt/test-agent/1.0.4/
Downloading https://repo1.maven.org/maven2/org/zeroturnaround/zt-zip/1.13/
Downloaded https://repo1.maven.org/maven2/ch/epfl/scala/nailgun-server/6992a3bf/
Downloading https://repo1.maven.org/maven2/ch/epfl/scala/case-app-util_2.12/1.2.0-faster-compile-time/
Downloaded https://repo1.maven.org/maven2/org/scalaz/scalaz-concurrent_2.12/7.2.20/
Downloading https://repo1.maven.org/maven2/org/scala-sbt/librarymanagement-ivy_2.12/1.0.0/
Downloaded https://repo1.maven.org/maven2/org/zeroturnaround/zt-zip/1.13/
Downloading https://repo1.maven.org/maven2/io/monix/monix-reactive_2.12/2.3.3/
Downloaded https://repo1.maven.org/maven2/io/get-coursier/coursier-scalaz-interop_2.12/1.1.0-M3/
Downloading https://repo1.maven.org/maven2/net/jpountz/lz4/lz4/1.3.0/
Downloaded https://repo1.maven.org/maven2/io/monix/monix-types_2.12/2.3.3/
Downloading https://repo1.maven.org/maven2/org/scala-sbt/test-interface/1.0/
Downloaded https://repo1.maven.org/maven2/io/get-coursier/coursier_2.12/1.1.0-M3/
Downloading https://repo1.maven.org/maven2/io/monix/monix-execution_2.12/2.3.3/
Downloaded https://repo1.maven.org/maven2/ch/epfl/scala/case-app-util_2.12/1.2.0-faster-compile-time/
Downloading https://oss.sonatype.org/content/repositories/releases/ch/epfl/scala/bsp4s_2.12/2.0.0-M1/bsp4s_2.12-2.0.0-M1.pom
Downloaded https://repo1.maven.org/maven2/org/scala-sbt/librarymanagement-ivy_2.12/1.0.0/
Downloading https://oss.sonatype.org/content/repositories/releases/ch/epfl/scala/bsp4s_2.12/2.0.0-M1/bsp4s_2.12-2.0.0-M1.pom.sha1
Downloaded https://repo1.maven.org/maven2/io/monix/monix-reactive_2.12/2.3.3/
Downloading https://repo1.maven.org/maven2/ch/epfl/scala/directory-watcher/0.8.0+6-f651bd93/
Downloaded https://repo1.maven.org/maven2/org/scala-sbt/test-interface/1.0/
Downloaded https://repo1.maven.org/maven2/io/monix/monix-execution_2.12/2.3.3/
Downloaded https://repo1.maven.org/maven2/ch/epfl/scala/directory-watcher/0.8.0+6-f651bd93/
Downloaded https://repo1.maven.org/maven2/net/jpountz/lz4/lz4/1.3.0/
https://oss.sonatype.org/content/repositories/releases/ch/epfl/scala/bsp4s_2.… 
https://oss.sonatype.org/content/repositories/releases/ch/epfl/scala/bsp4s_2.… 

Downloading https://dl.bintray.com/scalacenter/releases/ch/epfl/scala/bsp4s_2.12/2.0.0-M1/bsp4s_2.12-2.0.0-M1.pom
Downloading https://dl.bintray.com/scalacenter/releases/ch/epfl/scala/bsp4s_2.12/2.0.0-M1/bsp4s_2.12-2.0.0-M1.pom.sha1
Downloaded https://dl.bintray.com/scalacenter/releases/ch/epfl/scala/bsp4s_2.12/2.0.0-M1/bsp4s_2.12-2.0.0-M1.pom.sha1
Downloaded https://dl.bintray.com/scalacenter/releases/ch/epfl/scala/bsp4s_2.12/2.0.0-M1/bsp4s_2.12-2.0.0-M1.pom
Downloading https://dl.bintray.com/scalacenter/releases/ch/epfl/scala/bsp4s_2.12/2.0.0-M1/
Downloaded https://dl.bintray.com/scalacenter/releases/ch/epfl/scala/bsp4s_2.12/2.0.0-M1/
Downloading https://repo1.maven.org/maven2/org/jctools/jctools-core/2.0.1/jctools-core-2.0.1.pom
Downloading https://repo1.maven.org/maven2/org/jctools/jctools-core/2.0.1/jctools-core-2.0.1.pom.sha1
Downloading https://repo1.maven.org/maven2/com/eed3si9n/sjson-new-core_2.12/0.8.0/sjson-new-core_2.12-0.8.0.pom
Downloading https://repo1.maven.org/maven2/com/eed3si9n/sjson-new-core_2.12/0.8.0/sjson-new-core_2.12-0.8.0.pom.sha1
Downloading https://repo1.maven.org/maven2/org/scala-sbt/librarymanagement-core_2.12/1.0.0/librarymanagement-core_2.12-1.0.0.pom
Downloading https://repo1.maven.org/maven2/org/scala-sbt/librarymanagement-core_2.12/1.0.0/librarymanagement-core_2.12-1.0.0.pom.sha1
Downloaded https://repo1.maven.org/maven2/org/jctools/jctools-core/2.0.1/jctools-core-2.0.1.pom
Downloading https://repo1.maven.org/maven2/org/scala-lang/modules/scala-xml_2.12/1.0.6/scala-xml_2.12-1.0.6.pom.sha1
Downloaded https://repo1.maven.org/maven2/org/jctools/jctools-core/2.0.1/jctools-core-2.0.1.pom.sha1
Downloading https://repo1.maven.org/maven2/org/scala-lang/modules/scala-xml_2.12/1.0.6/scala-xml_2.12-1.0.6.pom
Downloaded https://repo1.maven.org/maven2/com/eed3si9n/sjson-new-core_2.12/0.8.0/sjson-new-core_2.12-0.8.0.pom
Downloading https://repo1.maven.org/maven2/net/java/dev/jna/jna-platform/4.4.0/jna-platform-4.4.0.pom
Downloaded https://repo1.maven.org/maven2/com/eed3si9n/sjson-new-core_2.12/0.8.0/sjson-new-core_2.12-0.8.0.pom.sha1
Downloading https://repo1.maven.org/maven2/net/java/dev/jna/jna-platform/4.4.0/jna-platform-4.4.0.pom.sha1
Downloaded https://repo1.maven.org/maven2/org/scala-sbt/librarymanagement-core_2.12/1.0.0/librarymanagement-core_2.12-1.0.0.pom
Downloading https://repo1.maven.org/maven2/io/circe/circe-derivation_2.12/0.9.0-M4/circe-derivation_2.12-0.9.0-M4.pom
Downloaded https://repo1.maven.org/maven2/org/scala-lang/modules/scala-xml_2.12/1.0.6/scala-xml_2.12-1.0.6.pom.sha1
Downloading https://repo1.maven.org/maven2/io/circe/circe-derivation_2.12/0.9.0-M4/circe-derivation_2.12-0.9.0-M4.pom.sha1
Downloaded https://repo1.maven.org/maven2/org/scala-lang/modules/scala-xml_2.12/1.0.6/scala-xml_2.12-1.0.6.pom
Downloading https://repo1.maven.org/maven2/io/circe/circe-core_2.12/0.9.3/circe-core_2.12-0.9.3.pom
Downloaded https://repo1.maven.org/maven2/net/java/dev/jna/jna-platform/4.4.0/jna-platform-4.4.0.pom
Downloading https://repo1.maven.org/maven2/io/circe/circe-core_2.12/0.9.3/circe-core_2.12-0.9.3.pom.sha1
Downloaded https://repo1.maven.org/maven2/net/java/dev/jna/jna-platform/4.4.0/jna-platform-4.4.0.pom.sha1
Downloading https://repo1.maven.org/maven2/org/scalameta/lsp4s_2.12/0.2.0/lsp4s_2.12-0.2.0.pom.sha1
Downloaded https://repo1.maven.org/maven2/io/circe/circe-derivation_2.12/0.9.0-M4/circe-derivation_2.12-0.9.0-M4.pom
Downloading https://repo1.maven.org/maven2/org/scalameta/lsp4s_2.12/0.2.0/lsp4s_2.12-0.2.0.pom
Downloaded https://repo1.maven.org/maven2/org/scala-sbt/librarymanagement-core_2.12/1.0.0/librarymanagement-core_2.12-1.0.0.pom.sha1
Downloading https://repo1.maven.org/maven2/ch/epfl/scala/zinc-core_2.12/1.2.1+106-0dad4a69/zinc-core_2.12-1.2.1+106-0dad4a69.pom.sha1
Downloaded https://repo1.maven.org/maven2/io/circe/circe-derivation_2.12/0.9.0-M4/circe-derivation_2.12-0.9.0-M4.pom.sha1
Downloading https://repo1.maven.org/maven2/ch/epfl/scala/zinc-core_2.12/1.2.1+106-0dad4a69/zinc-core_2.12-1.2.1+106-0dad4a69.pom
Downloaded https://repo1.maven.org/maven2/io/circe/circe-core_2.12/0.9.3/circe-core_2.12-0.9.3.pom.sha1
Downloading https://repo1.maven.org/maven2/ch/epfl/scala/zinc-ivy-integration_2.12/1.2.1+106-0dad4a69/zinc-ivy-integration_2.12-1.2.1+106-0dad4a69.pom.sha1
Downloaded https://repo1.maven.org/maven2/io/circe/circe-core_2.12/0.9.3/circe-core_2.12-0.9.3.pom
Downloading https://repo1.maven.org/maven2/ch/epfl/scala/zinc-ivy-integration_2.12/1.2.1+106-0dad4a69/zinc-ivy-integration_2.12-1.2.1+106-0dad4a69.pom
Downloaded https://repo1.maven.org/maven2/org/scalameta/lsp4s_2.12/0.2.0/lsp4s_2.12-0.2.0.pom
Downloading https://repo1.maven.org/maven2/com/chuusai/shapeless_2.12/2.3.2/shapeless_2.12-2.3.2.pom
Downloaded https://repo1.maven.org/maven2/ch/epfl/scala/zinc-core_2.12/1.2.1+106-0dad4a69/zinc-core_2.12-1.2.1+106-0dad4a69.pom.sha1
Downloading https://repo1.maven.org/maven2/com/chuusai/shapeless_2.12/2.3.2/shapeless_2.12-2.3.2.pom.sha1
Downloaded https://repo1.maven.org/maven2/ch/epfl/scala/zinc-ivy-integration_2.12/1.2.1+106-0dad4a69/zinc-ivy-integration_2.12-1.2.1+106-0dad4a69.pom.sha1
Downloading https://repo1.maven.org/maven2/ch/epfl/scala/zinc-classfile_2.12/1.2.1+106-0dad4a69/zinc-classfile_2.12-1.2.1+106-0dad4a69.pom
Downloaded https://repo1.maven.org/maven2/org/scalameta/lsp4s_2.12/0.2.0/lsp4s_2.12-0.2.0.pom.sha1
Downloading https://repo1.maven.org/maven2/io/circe/circe-jawn_2.12/0.9.3/circe-jawn_2.12-0.9.3.pom
Downloaded https://repo1.maven.org/maven2/ch/epfl/scala/zinc-ivy-integration_2.12/1.2.1+106-0dad4a69/zinc-ivy-integration_2.12-1.2.1+106-0dad4a69.pom
Downloading https://repo1.maven.org/maven2/io/circe/circe-jawn_2.12/0.9.3/circe-jawn_2.12-0.9.3.pom.sha1
Downloaded https://repo1.maven.org/maven2/ch/epfl/scala/zinc-core_2.12/1.2.1+106-0dad4a69/zinc-core_2.12-1.2.1+106-0dad4a69.pom
Downloading https://repo1.maven.org/maven2/ch/epfl/scala/zinc-classfile_2.12/1.2.1+106-0dad4a69/zinc-classfile_2.12-1.2.1+106-0dad4a69.pom.sha1
Downloaded https://repo1.maven.org/maven2/com/chuusai/shapeless_2.12/2.3.2/shapeless_2.12-2.3.2.pom.sha1
Downloading https://repo1.maven.org/maven2/org/reactivestreams/reactive-streams/1.0.0/reactive-streams-1.0.0.pom
Downloaded https://repo1.maven.org/maven2/com/chuusai/shapeless_2.12/2.3.2/shapeless_2.12-2.3.2.pom
Downloading https://repo1.maven.org/maven2/org/reactivestreams/reactive-streams/1.0.0/reactive-streams-1.0.0.pom.sha1
Downloaded https://repo1.maven.org/maven2/ch/epfl/scala/zinc-classfile_2.12/1.2.1+106-0dad4a69/zinc-classfile_2.12-1.2.1+106-0dad4a69.pom
Downloading https://repo1.maven.org/maven2/net/java/dev/jna/jna/4.5.2/jna-4.5.2.pom
Downloaded https://repo1.maven.org/maven2/io/circe/circe-jawn_2.12/0.9.3/circe-jawn_2.12-0.9.3.pom.sha1
Downloading https://repo1.maven.org/maven2/net/java/dev/jna/jna/4.5.2/jna-4.5.2.pom.sha1
Downloaded https://repo1.maven.org/maven2/io/circe/circe-jawn_2.12/0.9.3/circe-jawn_2.12-0.9.3.pom
Downloading https://repo1.maven.org/maven2/org/scala-sbt/ivy/ivy/2.3.0-sbt-a3314352b638afbf0dca19f127e8263ed6f898bd/ivy-2.3.0-sbt-a3314352b638afbf0dca19f127e8263ed6f898bd.pom
Downloaded https://repo1.maven.org/maven2/ch/epfl/scala/zinc-classfile_2.12/1.2.1+106-0dad4a69/zinc-classfile_2.12-1.2.1+106-0dad4a69.pom.sha1
Downloading https://repo1.maven.org/maven2/org/scala-sbt/ivy/ivy/2.3.0-sbt-a3314352b638afbf0dca19f127e8263ed6f898bd/ivy-2.3.0-sbt-a3314352b638afbf0dca19f127e8263ed6f898bd.pom.sha1
Downloaded https://repo1.maven.org/maven2/org/reactivestreams/reactive-streams/1.0.0/reactive-streams-1.0.0.pom.sha1
Downloading https://repo1.maven.org/maven2/org/typelevel/macro-compat_2.12/1.1.1/macro-compat_2.12-1.1.1.pom
Downloaded https://repo1.maven.org/maven2/org/reactivestreams/reactive-streams/1.0.0/reactive-streams-1.0.0.pom
Downloading https://repo1.maven.org/maven2/org/typelevel/macro-compat_2.12/1.1.1/macro-compat_2.12-1.1.1.pom.sha1
Downloaded https://repo1.maven.org/maven2/net/java/dev/jna/jna/4.5.2/jna-4.5.2.pom
Downloading https://repo1.maven.org/maven2/org/scalaz/scalaz-effect_2.12/7.2.20/scalaz-effect_2.12-7.2.20.pom.sha1
Downloaded https://repo1.maven.org/maven2/net/java/dev/jna/jna/4.5.2/jna-4.5.2.pom.sha1
Downloading https://repo1.maven.org/maven2/org/scalaz/scalaz-effect_2.12/7.2.20/scalaz-effect_2.12-7.2.20.pom
Downloaded https://repo1.maven.org/maven2/org/scala-sbt/ivy/ivy/2.3.0-sbt-a3314352b638afbf0dca19f127e8263ed6f898bd/ivy-2.3.0-sbt-a3314352b638afbf0dca19f127e8263ed6f898bd.pom
Downloading https://repo1.maven.org/maven2/ch/epfl/scala/zinc-compile-core_2.12/1.2.1+106-0dad4a69/zinc-compile-core_2.12-1.2.1+106-0dad4a69.pom
Downloaded https://repo1.maven.org/maven2/org/scala-sbt/ivy/ivy/2.3.0-sbt-a3314352b638afbf0dca19f127e8263ed6f898bd/ivy-2.3.0-sbt-a3314352b638afbf0dca19f127e8263ed6f898bd.pom.sha1
Downloading https://repo1.maven.org/maven2/ch/epfl/scala/zinc-compile-core_2.12/1.2.1+106-0dad4a69/zinc-compile-core_2.12-1.2.1+106-0dad4a69.pom.sha1
Downloaded https://repo1.maven.org/maven2/org/typelevel/macro-compat_2.12/1.1.1/macro-compat_2.12-1.1.1.pom
Downloaded https://repo1.maven.org/maven2/org/typelevel/macro-compat_2.12/1.1.1/macro-compat_2.12-1.1.1.pom.sha1
Downloading https://repo1.maven.org/maven2/ch/epfl/scala/zinc-persist_2.12/1.2.1+106-0dad4a69/zinc-persist_2.12-1.2.1+106-0dad4a69.pom
Downloading https://repo1.maven.org/maven2/ch/epfl/scala/zinc-persist_2.12/1.2.1+106-0dad4a69/zinc-persist_2.12-1.2.1+106-0dad4a69.pom.sha1
Downloaded https://repo1.maven.org/maven2/org/scalaz/scalaz-effect_2.12/7.2.20/scalaz-effect_2.12-7.2.20.pom.sha1
Downloading https://repo1.maven.org/maven2/ch/epfl/scala/zinc-ivy-integration_2.12/1.2.1+106-0dad4a69/
Downloaded https://repo1.maven.org/maven2/org/scalaz/scalaz-effect_2.12/7.2.20/scalaz-effect_2.12-7.2.20.pom
Downloading https://repo1.maven.org/maven2/org/slf4j/slf4j-api/1.7.25/
Downloaded https://repo1.maven.org/maven2/ch/epfl/scala/zinc-compile-core_2.12/1.2.1+106-0dad4a69/zinc-compile-core_2.12-1.2.1+106-0dad4a69.pom
Downloading https://repo1.maven.org/maven2/net/java/dev/jna/jna-platform/4.4.0/
Downloaded https://repo1.maven.org/maven2/ch/epfl/scala/zinc-compile-core_2.12/1.2.1+106-0dad4a69/zinc-compile-core_2.12-1.2.1+106-0dad4a69.pom.sha1
Downloading https://repo1.maven.org/maven2/org/reactivestreams/reactive-streams/1.0.0/
Downloaded https://repo1.maven.org/maven2/ch/epfl/scala/zinc-persist_2.12/1.2.1+106-0dad4a69/zinc-persist_2.12-1.2.1+106-0dad4a69.pom.sha1
Downloading https://repo1.maven.org/maven2/org/jctools/jctools-core/2.0.1/
Downloaded https://repo1.maven.org/maven2/ch/epfl/scala/zinc-persist_2.12/1.2.1+106-0dad4a69/zinc-persist_2.12-1.2.1+106-0dad4a69.pom
Downloading https://repo1.maven.org/maven2/net/java/dev/jna/jna/4.5.2/
Downloaded https://repo1.maven.org/maven2/ch/epfl/scala/zinc-ivy-integration_2.12/1.2.1+106-0dad4a69/
Downloading https://repo1.maven.org/maven2/io/circe/circe-derivation_2.12/0.9.0-M4/
Downloaded https://repo1.maven.org/maven2/org/slf4j/slf4j-api/1.7.25/
Downloading https://repo1.maven.org/maven2/ch/epfl/scala/zinc-core_2.12/1.2.1+106-0dad4a69/
Downloaded https://repo1.maven.org/maven2/net/java/dev/jna/jna-platform/4.4.0/
Downloading https://repo1.maven.org/maven2/org/scala-lang/modules/scala-xml_2.12/1.0.6/
Downloaded https://repo1.maven.org/maven2/org/reactivestreams/reactive-streams/1.0.0/
Downloading https://repo1.maven.org/maven2/io/circe/circe-core_2.12/0.9.3/
Downloaded https://repo1.maven.org/maven2/org/jctools/jctools-core/2.0.1/
Downloading https://repo1.maven.org/maven2/com/eed3si9n/sjson-new-core_2.12/0.8.0/
Downloaded https://repo1.maven.org/maven2/net/java/dev/jna/jna/4.5.2/
Downloading https://repo1.maven.org/maven2/com/chuusai/shapeless_2.12/2.3.2/
Downloaded https://repo1.maven.org/maven2/io/circe/circe-derivation_2.12/0.9.0-M4/
Downloading https://repo1.maven.org/maven2/ch/epfl/scala/zinc-classfile_2.12/1.2.1+106-0dad4a69/
Downloaded https://repo1.maven.org/maven2/ch/epfl/scala/zinc-core_2.12/1.2.1+106-0dad4a69/
Downloading https://repo1.maven.org/maven2/org/scala-sbt/librarymanagement-core_2.12/1.0.0/
Downloaded https://repo1.maven.org/maven2/org/scala-lang/modules/scala-xml_2.12/1.0.6/
Downloading https://repo1.maven.org/maven2/org/scalameta/lsp4s_2.12/0.2.0/
Downloaded https://repo1.maven.org/maven2/io/circe/circe-core_2.12/0.9.3/
Downloading https://repo1.maven.org/maven2/io/circe/circe-jawn_2.12/0.9.3/
Downloaded https://repo1.maven.org/maven2/com/eed3si9n/sjson-new-core_2.12/0.8.0/
Downloading https://repo1.maven.org/maven2/org/scala-sbt/ivy/ivy/2.3.0-sbt-a3314352b638afbf0dca19f127e8263ed6f898bd/
Downloaded https://repo1.maven.org/maven2/org/scala-sbt/librarymanagement-core_2.12/1.0.0/
Downloaded https://repo1.maven.org/maven2/org/scalameta/lsp4s_2.12/0.2.0/
Downloading https://repo1.maven.org/maven2/org/typelevel/macro-compat_2.12/1.1.1/
Downloading https://repo1.maven.org/maven2/org/scalaz/scalaz-effect_2.12/7.2.20/
Downloaded https://repo1.maven.org/maven2/ch/epfl/scala/zinc-classfile_2.12/1.2.1+106-0dad4a69/
Downloading https://repo1.maven.org/maven2/ch/epfl/scala/zinc-persist_2.12/1.2.1+106-0dad4a69/
Downloaded https://repo1.maven.org/maven2/com/chuusai/shapeless_2.12/2.3.2/
Downloading https://repo1.maven.org/maven2/ch/epfl/scala/zinc-compile-core_2.12/1.2.1+106-0dad4a69/
Downloaded https://repo1.maven.org/maven2/io/circe/circe-jawn_2.12/0.9.3/
Downloaded https://repo1.maven.org/maven2/org/typelevel/macro-compat_2.12/1.1.1/
Downloaded https://repo1.maven.org/maven2/org/scala-sbt/ivy/ivy/2.3.0-sbt-a3314352b638afbf0dca19f127e8263ed6f898bd/
Downloaded https://repo1.maven.org/maven2/org/scalaz/scalaz-effect_2.12/7.2.20/
Downloaded https://repo1.maven.org/maven2/ch/epfl/scala/zinc-persist_2.12/1.2.1+106-0dad4a69/
Downloaded https://repo1.maven.org/maven2/ch/epfl/scala/zinc-compile-core_2.12/1.2.1+106-0dad4a69/
Downloading https://repo1.maven.org/maven2/org/slf4j/slf4j-parent/1.7.25/
Downloaded https://repo1.maven.org/maven2/org/slf4j/slf4j-parent/1.7.25/
Downloading https://repo1.maven.org/maven2/org/scala-sbt/util-cache_2.12/1.0.0/util-cache_2.12-1.0.0.pom
Downloading https://repo1.maven.org/maven2/org/scala-sbt/util-cache_2.12/1.0.0/util-cache_2.12-1.0.0.pom.sha1
Downloading https://repo1.maven.org/maven2/org/scala-sbt/librarymanagement-core_2.12/1.2.0/librarymanagement-core_2.12-1.2.0.pom
Downloading https://repo1.maven.org/maven2/org/scala-sbt/librarymanagement-core_2.12/1.2.0/librarymanagement-core_2.12-1.2.0.pom.sha1
Downloading https://repo1.maven.org/maven2/ch/epfl/scala/zinc-apiinfo_2.12/1.2.1+106-0dad4a69/zinc-apiinfo_2.12-1.2.1+106-0dad4a69.pom
Downloading https://repo1.maven.org/maven2/ch/epfl/scala/zinc-apiinfo_2.12/1.2.1+106-0dad4a69/zinc-apiinfo_2.12-1.2.1+106-0dad4a69.pom.sha1
Downloaded https://repo1.maven.org/maven2/org/scala-sbt/util-cache_2.12/1.0.0/util-cache_2.12-1.0.0.pom
Downloaded https://repo1.maven.org/maven2/org/scala-sbt/librarymanagement-core_2.12/1.2.0/librarymanagement-core_2.12-1.2.0.pom.sha1
Downloading https://repo1.maven.org/maven2/org/typelevel/cats-core_2.12/1.0.1/cats-core_2.12-1.0.1.pom.sha1
Downloading https://repo1.maven.org/maven2/org/scala-lang/modules/scala-parser-combinators_2.12/1.0.5/scala-parser-combinators_2.12-1.0.5.pom
Downloaded https://repo1.maven.org/maven2/org/scala-sbt/util-cache_2.12/1.0.0/util-cache_2.12-1.0.0.pom.sha1
Downloading https://repo1.maven.org/maven2/org/scala-lang/modules/scala-parser-combinators_2.12/1.0.5/scala-parser-combinators_2.12-1.0.5.pom.sha1
Downloaded https://repo1.maven.org/maven2/ch/epfl/scala/zinc-apiinfo_2.12/1.2.1+106-0dad4a69/zinc-apiinfo_2.12-1.2.1+106-0dad4a69.pom
Downloading https://repo1.maven.org/maven2/org/typelevel/cats-core_2.12/1.0.1/cats-core_2.12-1.0.1.pom
Downloaded https://repo1.maven.org/maven2/org/scala-sbt/librarymanagement-core_2.12/1.2.0/librarymanagement-core_2.12-1.2.0.pom
Downloading https://repo1.maven.org/maven2/com/beachape/enumeratum-circe_2.12/1.5.17/enumeratum-circe_2.12-1.5.17.pom
Downloaded https://repo1.maven.org/maven2/org/typelevel/cats-core_2.12/1.0.1/cats-core_2.12-1.0.1.pom.sha1
Downloading https://repo1.maven.org/maven2/com/beachape/enumeratum-circe_2.12/1.5.17/enumeratum-circe_2.12-1.5.17.pom.sha1
Downloaded https://repo1.maven.org/maven2/org/scala-lang/modules/scala-parser-combinators_2.12/1.0.5/scala-parser-combinators_2.12-1.0.5.pom
Downloading https://repo1.maven.org/maven2/org/scala-lang/scala-reflect/2.12.3/scala-reflect-2.12.3.pom
Downloaded https://repo1.maven.org/maven2/com/beachape/enumeratum-circe_2.12/1.5.17/enumeratum-circe_2.12-1.5.17.pom.sha1
Downloading https://repo1.maven.org/maven2/org/scala-lang/scala-reflect/2.12.3/scala-reflect-2.12.3.pom.sha1
Downloaded https://repo1.maven.org/maven2/org/scala-lang/modules/scala-parser-combinators_2.12/1.0.5/scala-parser-combinators_2.12-1.0.5.pom.sha1
Downloading https://repo1.maven.org/maven2/org/scalameta/jsonrpc_2.12/0.2.0/jsonrpc_2.12-0.2.0.pom
Downloaded https://repo1.maven.org/maven2/org/typelevel/cats-core_2.12/1.0.1/cats-core_2.12-1.0.1.pom
Downloading https://repo1.maven.org/maven2/org/scalameta/jsonrpc_2.12/0.2.0/jsonrpc_2.12-0.2.0.pom.sha1
Downloaded https://repo1.maven.org/maven2/ch/epfl/scala/zinc-apiinfo_2.12/1.2.1+106-0dad4a69/zinc-apiinfo_2.12-1.2.1+106-0dad4a69.pom.sha1
Downloading https://repo1.maven.org/maven2/ch/epfl/scala/compiler-interface/1.2.1+106-0dad4a69/compiler-interface-1.2.1+106-0dad4a69.pom
Downloaded https://repo1.maven.org/maven2/org/scala-lang/scala-reflect/2.12.3/scala-reflect-2.12.3.pom
Downloading https://repo1.maven.org/maven2/ch/epfl/scala/compiler-interface/1.2.1+106-0dad4a69/compiler-interface-1.2.1+106-0dad4a69.pom.sha1
Downloaded https://repo1.maven.org/maven2/com/beachape/enumeratum-circe_2.12/1.5.17/enumeratum-circe_2.12-1.5.17.pom
Downloading https://repo1.maven.org/maven2/org/scala-sbt/launcher-interface/1.0.0/launcher-interface-1.0.0.pom
Downloaded https://repo1.maven.org/maven2/org/scalameta/jsonrpc_2.12/0.2.0/jsonrpc_2.12-0.2.0.pom.sha1
Downloading https://repo1.maven.org/maven2/org/scala-sbt/launcher-interface/1.0.0/launcher-interface-1.0.0.pom.sha1
Downloaded https://repo1.maven.org/maven2/ch/epfl/scala/compiler-interface/1.2.1+106-0dad4a69/compiler-interface-1.2.1+106-0dad4a69.pom.sha1
Downloading https://repo1.maven.org/maven2/com/squareup/okhttp3/okhttp-urlconnection/3.7.0/okhttp-urlconnection-3.7.0.pom
Downloaded https://repo1.maven.org/maven2/org/scalameta/jsonrpc_2.12/0.2.0/jsonrpc_2.12-0.2.0.pom
Downloading https://repo1.maven.org/maven2/com/squareup/okhttp3/okhttp-urlconnection/3.7.0/okhttp-urlconnection-3.7.0.pom.sha1
Downloaded https://repo1.maven.org/maven2/org/scala-lang/scala-reflect/2.12.3/scala-reflect-2.12.3.pom.sha1
Downloading https://repo1.maven.org/maven2/com/beachape/enumeratum_2.12/1.5.13/enumeratum_2.12-1.5.13.pom
Downloaded https://repo1.maven.org/maven2/ch/epfl/scala/compiler-interface/1.2.1+106-0dad4a69/compiler-interface-1.2.1+106-0dad4a69.pom
Downloading https://repo1.maven.org/maven2/com/beachape/enumeratum_2.12/1.5.13/enumeratum_2.12-1.5.13.pom.sha1
Downloaded https://repo1.maven.org/maven2/org/scala-sbt/launcher-interface/1.0.0/launcher-interface-1.0.0.pom.sha1
Downloading https://repo1.maven.org/maven2/org/spire-math/jawn-parser_2.12/0.11.1/jawn-parser_2.12-0.11.1.pom
Downloaded https://repo1.maven.org/maven2/com/squareup/okhttp3/okhttp-urlconnection/3.7.0/okhttp-urlconnection-3.7.0.pom.sha1
Downloading https://repo1.maven.org/maven2/org/spire-math/jawn-parser_2.12/0.11.1/jawn-parser_2.12-0.11.1.pom.sha1
Downloaded https://repo1.maven.org/maven2/com/squareup/okhttp3/okhttp-urlconnection/3.7.0/okhttp-urlconnection-3.7.0.pom
Downloading https://repo1.maven.org/maven2/org/scala-sbt/util-control_2.12/1.2.1/util-control_2.12-1.2.1.pom
Downloaded https://repo1.maven.org/maven2/com/beachape/enumeratum_2.12/1.5.13/enumeratum_2.12-1.5.13.pom.sha1
Downloading https://repo1.maven.org/maven2/org/scala-sbt/util-control_2.12/1.2.1/util-control_2.12-1.2.1.pom.sha1
Downloaded https://repo1.maven.org/maven2/com/beachape/enumeratum_2.12/1.5.13/enumeratum_2.12-1.5.13.pom
Downloading https://repo1.maven.org/maven2/io/circe/circe-numbers_2.12/0.9.3/circe-numbers_2.12-0.9.3.pom
Downloaded https://repo1.maven.org/maven2/org/scala-sbt/launcher-interface/1.0.0/launcher-interface-1.0.0.pom
Downloading https://repo1.maven.org/maven2/io/circe/circe-numbers_2.12/0.9.3/circe-numbers_2.12-0.9.3.pom.sha1
Downloaded https://repo1.maven.org/maven2/org/scala-sbt/util-control_2.12/1.2.1/util-control_2.12-1.2.1.pom
Downloading https://repo1.maven.org/maven2/ch/epfl/scala/zinc-classpath_2.12/1.2.1+106-0dad4a69/zinc-classpath_2.12-1.2.1+106-0dad4a69.pom
Downloaded https://repo1.maven.org/maven2/io/circe/circe-numbers_2.12/0.9.3/circe-numbers_2.12-0.9.3.pom
Downloading https://repo1.maven.org/maven2/ch/epfl/scala/zinc-classpath_2.12/1.2.1+106-0dad4a69/zinc-classpath_2.12-1.2.1+106-0dad4a69.pom.sha1
Downloaded https://repo1.maven.org/maven2/org/spire-math/jawn-parser_2.12/0.11.1/jawn-parser_2.12-0.11.1.pom
Downloading https://repo1.maven.org/maven2/com/eed3si9n/gigahorse-okhttp_2.12/0.3.0/gigahorse-okhttp_2.12-0.3.0.pom
Downloaded https://repo1.maven.org/maven2/org/spire-math/jawn-parser_2.12/0.11.1/jawn-parser_2.12-0.11.1.pom.sha1
Downloading https://repo1.maven.org/maven2/com/eed3si9n/gigahorse-okhttp_2.12/0.3.0/gigahorse-okhttp_2.12-0.3.0.pom.sha1
Downloaded https://repo1.maven.org/maven2/org/scala-sbt/util-control_2.12/1.2.1/util-control_2.12-1.2.1.pom.sha1
Downloading https://repo1.maven.org/maven2/org/scala-lang/scala-compiler/2.12.3/scala-compiler-2.12.3.pom
Downloaded https://repo1.maven.org/maven2/ch/epfl/scala/zinc-classpath_2.12/1.2.1+106-0dad4a69/zinc-classpath_2.12-1.2.1+106-0dad4a69.pom.sha1
Downloading https://repo1.maven.org/maven2/org/scala-lang/scala-compiler/2.12.3/scala-compiler-2.12.3.pom.sha1
Downloaded https://repo1.maven.org/maven2/io/circe/circe-numbers_2.12/0.9.3/circe-numbers_2.12-0.9.3.pom.sha1
Downloading https://repo1.maven.org/maven2/org/scala-sbt/io_2.12/1.2.0/io_2.12-1.2.0.pom.sha1
Downloaded https://repo1.maven.org/maven2/com/eed3si9n/gigahorse-okhttp_2.12/0.3.0/gigahorse-okhttp_2.12-0.3.0.pom.sha1
Downloading https://repo1.maven.org/maven2/org/scala-sbt/io_2.12/1.2.0/io_2.12-1.2.0.pom
Downloaded https://repo1.maven.org/maven2/org/scala-lang/scala-compiler/2.12.3/scala-compiler-2.12.3.pom
Downloaded https://repo1.maven.org/maven2/org/scala-lang/scala-compiler/2.12.3/scala-compiler-2.12.3.pom.sha1
Downloading https://repo1.maven.org/maven2/org/scala-sbt/sbinary_2.12/0.4.4/sbinary_2.12-0.4.4.pom
Downloaded https://repo1.maven.org/maven2/org/scala-sbt/io_2.12/1.2.0/io_2.12-1.2.0.pom.sha1
Downloading https://repo1.maven.org/maven2/org/scala-sbt/sbinary_2.12/0.4.4/sbinary_2.12-0.4.4.pom.sha1
Downloaded https://repo1.maven.org/maven2/ch/epfl/scala/zinc-classpath_2.12/1.2.1+106-0dad4a69/zinc-classpath_2.12-1.2.1+106-0dad4a69.pom
Downloading https://repo1.maven.org/maven2/org/scala-sbt/util-logging_2.12/1.2.1/util-logging_2.12-1.2.1.pom.sha1
Downloading https://repo1.maven.org/maven2/org/scala-sbt/util-logging_2.12/1.2.1/util-logging_2.12-1.2.1.pom
Downloaded https://repo1.maven.org/maven2/com/eed3si9n/gigahorse-okhttp_2.12/0.3.0/gigahorse-okhttp_2.12-0.3.0.pom
Downloading https://repo1.maven.org/maven2/org/scala-sbt/util-position_2.12/1.0.0/util-position_2.12-1.0.0.pom
Downloaded https://repo1.maven.org/maven2/org/scala-sbt/io_2.12/1.2.0/io_2.12-1.2.0.pom
Downloading https://repo1.maven.org/maven2/org/scala-sbt/util-position_2.12/1.0.0/util-position_2.12-1.0.0.pom.sha1
Downloaded https://repo1.maven.org/maven2/org/scala-sbt/sbinary_2.12/0.4.4/sbinary_2.12-0.4.4.pom
Downloading https://repo1.maven.org/maven2/org/scala-sbt/util-cache_2.12/1.0.0/
Downloaded https://repo1.maven.org/maven2/org/scala-sbt/util-logging_2.12/1.2.1/util-logging_2.12-1.2.1.pom.sha1
Downloading https://repo1.maven.org/maven2/org/scala-sbt/librarymanagement-core_2.12/1.2.0/
Downloaded https://repo1.maven.org/maven2/org/scala-sbt/sbinary_2.12/0.4.4/sbinary_2.12-0.4.4.pom.sha1
Downloading https://repo1.maven.org/maven2/com/jcraft/jsch/0.1.46/jsch-0.1.46.pom
Downloaded https://repo1.maven.org/maven2/org/scala-sbt/util-logging_2.12/1.2.1/util-logging_2.12-1.2.1.pom
Downloading https://repo1.maven.org/maven2/com/jcraft/jsch/0.1.46/jsch-0.1.46.pom.sha1
Downloaded https://repo1.maven.org/maven2/org/scala-sbt/util-position_2.12/1.0.0/util-position_2.12-1.0.0.pom.sha1
Downloading https://repo1.maven.org/maven2/org/scala-sbt/util-relation_2.12/1.2.1/util-relation_2.12-1.2.1.pom
Downloaded https://repo1.maven.org/maven2/org/scala-sbt/util-cache_2.12/1.0.0/
Downloading https://repo1.maven.org/maven2/org/scala-sbt/util-relation_2.12/1.2.1/util-relation_2.12-1.2.1.pom.sha1
Downloaded https://repo1.maven.org/maven2/org/scala-sbt/librarymanagement-core_2.12/1.2.0/
Downloading https://repo1.maven.org/maven2/org/scala-lang/modules/scala-parser-combinators_2.12/1.0.5/
Downloaded https://repo1.maven.org/maven2/com/jcraft/jsch/0.1.46/jsch-0.1.46.pom
Downloading https://repo1.maven.org/maven2/org/typelevel/cats-core_2.12/1.0.1/
Downloaded https://repo1.maven.org/maven2/com/jcraft/jsch/0.1.46/jsch-0.1.46.pom.sha1
Downloading https://repo1.maven.org/maven2/ch/epfl/scala/zinc-apiinfo_2.12/1.2.1+106-0dad4a69/
Downloaded https://repo1.maven.org/maven2/org/scala-sbt/util-position_2.12/1.0.0/util-position_2.12-1.0.0.pom
Downloading https://repo1.maven.org/maven2/com/beachape/enumeratum-circe_2.12/1.5.17/
Downloaded https://repo1.maven.org/maven2/org/scala-sbt/util-relation_2.12/1.2.1/util-relation_2.12-1.2.1.pom.sha1
Downloading https://repo1.maven.org/maven2/org/scalameta/jsonrpc_2.12/0.2.0/
Downloaded https://repo1.maven.org/maven2/org/scala-sbt/util-relation_2.12/1.2.1/util-relation_2.12-1.2.1.pom
Downloading https://repo1.maven.org/maven2/org/scala-lang/scala-reflect/2.12.3/
Downloaded https://repo1.maven.org/maven2/ch/epfl/scala/zinc-apiinfo_2.12/1.2.1+106-0dad4a69/
Downloading https://repo1.maven.org/maven2/ch/epfl/scala/compiler-interface/1.2.1+106-0dad4a69/
Downloaded https://repo1.maven.org/maven2/org/scalameta/jsonrpc_2.12/0.2.0/
Downloading https://repo1.maven.org/maven2/com/squareup/okhttp3/okhttp-urlconnection/3.7.0/
Downloaded https://repo1.maven.org/maven2/org/scala-lang/modules/scala-parser-combinators_2.12/1.0.5/
Downloading https://repo1.maven.org/maven2/com/beachape/enumeratum_2.12/1.5.13/
Downloaded https://repo1.maven.org/maven2/com/beachape/enumeratum-circe_2.12/1.5.17/
Downloading https://repo1.maven.org/maven2/org/scala-sbt/launcher-interface/1.0.0/
Downloaded https://repo1.maven.org/maven2/org/scala-lang/scala-reflect/2.12.3/
Downloading https://repo1.maven.org/maven2/org/scala-sbt/util-control_2.12/1.2.1/
Downloaded https://repo1.maven.org/maven2/org/typelevel/cats-core_2.12/1.0.1/
Downloading https://repo1.maven.org/maven2/com/thesamet/scalapb/scalapb-runtime_2.12/0.8.0-RC1/
Downloaded https://repo1.maven.org/maven2/com/squareup/okhttp3/okhttp-urlconnection/3.7.0/
Downloading https://repo1.maven.org/maven2/org/spire-math/jawn-parser_2.12/0.11.1/
Downloaded https://repo1.maven.org/maven2/ch/epfl/scala/compiler-interface/1.2.1+106-0dad4a69/
Downloading https://repo1.maven.org/maven2/io/circe/circe-numbers_2.12/0.9.3/
Downloaded https://repo1.maven.org/maven2/com/beachape/enumeratum_2.12/1.5.13/
Downloading https://repo1.maven.org/maven2/org/scala-lang/scala-compiler/2.12.3/
Downloaded https://repo1.maven.org/maven2/org/scala-sbt/launcher-interface/1.0.0/
Downloading https://repo1.maven.org/maven2/ch/epfl/scala/zinc-classpath_2.12/1.2.1+106-0dad4a69/
Downloaded https://repo1.maven.org/maven2/org/scala-sbt/util-control_2.12/1.2.1/
Downloading https://repo1.maven.org/maven2/com/eed3si9n/gigahorse-okhttp_2.12/0.3.0/
Downloaded https://repo1.maven.org/maven2/org/spire-math/jawn-parser_2.12/0.11.1/
Downloading https://repo1.maven.org/maven2/org/scala-sbt/io_2.12/1.2.0/
Downloaded https://repo1.maven.org/maven2/io/circe/circe-numbers_2.12/0.9.3/
Downloading https://repo1.maven.org/maven2/org/scala-sbt/sbinary_2.12/0.4.4/
Downloaded https://repo1.maven.org/maven2/org/scala-lang/scala-compiler/2.12.3/
Downloading https://repo1.maven.org/maven2/org/scala-sbt/util-logging_2.12/1.2.1/
Downloaded https://repo1.maven.org/maven2/ch/epfl/scala/zinc-classpath_2.12/1.2.1+106-0dad4a69/
Downloading https://repo1.maven.org/maven2/com/jcraft/jsch/0.1.46/
Downloaded https://repo1.maven.org/maven2/com/eed3si9n/gigahorse-okhttp_2.12/0.3.0/
Downloading https://repo1.maven.org/maven2/org/scala-sbt/util-position_2.12/1.0.0/
Downloaded https://repo1.maven.org/maven2/org/scala-sbt/io_2.12/1.2.0/
Downloading https://repo1.maven.org/maven2/org/scala-sbt/util-relation_2.12/1.2.1/
Downloaded https://repo1.maven.org/maven2/org/scala-sbt/sbinary_2.12/0.4.4/
Downloaded https://repo1.maven.org/maven2/com/thesamet/scalapb/scalapb-runtime_2.12/0.8.0-RC1/
Downloaded https://repo1.maven.org/maven2/org/scala-sbt/util-logging_2.12/1.2.1/
Downloaded https://repo1.maven.org/maven2/com/jcraft/jsch/0.1.46/
Downloaded https://repo1.maven.org/maven2/org/scala-sbt/util-position_2.12/1.0.0/
Downloaded https://repo1.maven.org/maven2/org/scala-sbt/util-relation_2.12/1.2.1/
Downloading https://repo1.maven.org/maven2/com/squareup/okhttp3/parent/3.7.0/parent-3.7.0.pom.sha1
Downloading https://repo1.maven.org/maven2/org/sonatype/oss/oss-parent/6/oss-parent-6.pom
Downloading https://repo1.maven.org/maven2/com/squareup/okhttp3/parent/3.7.0/parent-3.7.0.pom
Downloading https://repo1.maven.org/maven2/org/sonatype/oss/oss-parent/6/oss-parent-6.pom.sha1
Downloaded https://repo1.maven.org/maven2/org/sonatype/oss/oss-parent/6/oss-parent-6.pom.sha1
Downloaded https://repo1.maven.org/maven2/com/squareup/okhttp3/parent/3.7.0/parent-3.7.0.pom.sha1
Downloaded https://repo1.maven.org/maven2/com/squareup/okhttp3/parent/3.7.0/parent-3.7.0.pom
Downloading https://repo1.maven.org/maven2/com/squareup/okhttp3/parent/3.7.0/
Downloaded https://repo1.maven.org/maven2/org/sonatype/oss/oss-parent/6/oss-parent-6.pom
Downloading https://repo1.maven.org/maven2/org/sonatype/oss/oss-parent/6/
Downloaded https://repo1.maven.org/maven2/com/squareup/okhttp3/parent/3.7.0/
Downloaded https://repo1.maven.org/maven2/org/sonatype/oss/oss-parent/6/
Downloading https://repo1.maven.org/maven2/net/java/dev/jna/jna-platform/4.5.0/jna-platform-4.5.0.pom
Downloading https://repo1.maven.org/maven2/net/java/dev/jna/jna-platform/4.5.0/jna-platform-4.5.0.pom.sha1
Downloading https://repo1.maven.org/maven2/com/squareup/okhttp3/okhttp/3.7.0/okhttp-3.7.0.pom
Downloading https://repo1.maven.org/maven2/com/squareup/okhttp3/okhttp/3.7.0/okhttp-3.7.0.pom.sha1
Downloading https://repo1.maven.org/maven2/org/scala-sbt/util-position_2.12/1.2.0/util-position_2.12-1.2.0.pom
Downloading https://repo1.maven.org/maven2/org/scala-sbt/util-position_2.12/1.2.0/util-position_2.12-1.2.0.pom.sha1
Downloaded https://repo1.maven.org/maven2/net/java/dev/jna/jna-platform/4.5.0/jna-platform-4.5.0.pom.sha1
Downloading https://repo1.maven.org/maven2/ch/epfl/scala/compiler-bridge_2.12/1.2.1+106-0dad4a69/compiler-bridge_2.12-1.2.1+106-0dad4a69.pom
Downloaded https://repo1.maven.org/maven2/com/squareup/okhttp3/okhttp/3.7.0/okhttp-3.7.0.pom.sha1
Downloading https://repo1.maven.org/maven2/ch/epfl/scala/compiler-bridge_2.12/1.2.1+106-0dad4a69/compiler-bridge_2.12-1.2.1+106-0dad4a69.pom.sha1
Downloaded https://repo1.maven.org/maven2/net/java/dev/jna/jna-platform/4.5.0/jna-platform-4.5.0.pom
Downloaded https://repo1.maven.org/maven2/org/scala-sbt/util-position_2.12/1.2.0/util-position_2.12-1.2.0.pom
Downloading https://repo1.maven.org/maven2/org/scala-sbt/util-cache_2.12/1.2.0/util-cache_2.12-1.2.0.pom
Downloading https://repo1.maven.org/maven2/com/jcraft/jsch/0.1.54/jsch-0.1.54.pom
Downloaded https://repo1.maven.org/maven2/com/squareup/okhttp3/okhttp/3.7.0/okhttp-3.7.0.pom
Downloading https://repo1.maven.org/maven2/com/eed3si9n/sjson-new-scalajson_2.12/0.8.2/sjson-new-scalajson_2.12-0.8.2.pom
Downloaded https://repo1.maven.org/maven2/ch/epfl/scala/compiler-bridge_2.12/1.2.1+106-0dad4a69/compiler-bridge_2.12-1.2.1+106-0dad4a69.pom
Downloading https://repo1.maven.org/maven2/org/scala-sbt/util-cache_2.12/1.2.0/util-cache_2.12-1.2.0.pom.sha1
Downloaded https://repo1.maven.org/maven2/com/jcraft/jsch/0.1.54/jsch-0.1.54.pom
Downloading https://repo1.maven.org/maven2/com/jcraft/jsch/0.1.54/jsch-0.1.54.pom.sha1
Downloaded https://repo1.maven.org/maven2/org/scala-sbt/util-cache_2.12/1.2.0/util-cache_2.12-1.2.0.pom
Downloading https://repo1.maven.org/maven2/com/eed3si9n/sjson-new-scalajson_2.12/0.8.2/sjson-new-scalajson_2.12-0.8.2.pom.sha1
Downloaded https://repo1.maven.org/maven2/ch/epfl/scala/compiler-bridge_2.12/1.2.1+106-0dad4a69/compiler-bridge_2.12-1.2.1+106-0dad4a69.pom.sha1
Downloading https://repo1.maven.org/maven2/org/apache/logging/log4j/log4j-api/2.8.1/log4j-api-2.8.1.pom
Downloaded https://repo1.maven.org/maven2/org/scala-sbt/util-cache_2.12/1.2.0/util-cache_2.12-1.2.0.pom.sha1
Downloading https://repo1.maven.org/maven2/org/apache/logging/log4j/log4j-api/2.8.1/log4j-api-2.8.1.pom.sha1
Downloaded https://repo1.maven.org/maven2/com/jcraft/jsch/0.1.54/jsch-0.1.54.pom.sha1
Downloading https://repo1.maven.org/maven2/com/beachape/enumeratum-macros_2.12/1.5.9/enumeratum-macros_2.12-1.5.9.pom.sha1
Downloaded https://repo1.maven.org/maven2/org/scala-sbt/util-position_2.12/1.2.0/util-position_2.12-1.2.0.pom.sha1
Downloading https://repo1.maven.org/maven2/com/outr/scribe_2.12/2.5.0/scribe_2.12-2.5.0.pom.sha1
Downloaded https://repo1.maven.org/maven2/com/eed3si9n/sjson-new-scalajson_2.12/0.8.2/sjson-new-scalajson_2.12-0.8.2.pom
Downloading https://repo1.maven.org/maven2/com/eed3si9n/gigahorse-core_2.12/0.3.0/gigahorse-core_2.12-0.3.0.pom.sha1
Downloaded https://repo1.maven.org/maven2/com/eed3si9n/sjson-new-scalajson_2.12/0.8.2/sjson-new-scalajson_2.12-0.8.2.pom.sha1
Downloading https://repo1.maven.org/maven2/com/beachape/enumeratum-macros_2.12/1.5.9/enumeratum-macros_2.12-1.5.9.pom
Downloaded https://repo1.maven.org/maven2/org/apache/logging/log4j/log4j-api/2.8.1/log4j-api-2.8.1.pom
Downloading https://repo1.maven.org/maven2/com/outr/scribe_2.12/2.5.0/scribe_2.12-2.5.0.pom
Downloaded https://repo1.maven.org/maven2/org/apache/logging/log4j/log4j-api/2.8.1/log4j-api-2.8.1.pom.sha1
Downloading https://repo1.maven.org/maven2/com/eed3si9n/gigahorse-core_2.12/0.3.0/gigahorse-core_2.12-0.3.0.pom
Downloaded https://repo1.maven.org/maven2/com/beachape/enumeratum-macros_2.12/1.5.9/enumeratum-macros_2.12-1.5.9.pom.sha1
Downloading https://repo1.maven.org/maven2/org/typelevel/cats-kernel_2.12/1.0.1/cats-kernel_2.12-1.0.1.pom
Downloaded https://repo1.maven.org/maven2/com/outr/scribe_2.12/2.5.0/scribe_2.12-2.5.0.pom.sha1
Downloading https://repo1.maven.org/maven2/org/typelevel/cats-kernel_2.12/1.0.1/cats-kernel_2.12-1.0.1.pom.sha1
Downloaded https://repo1.maven.org/maven2/com/eed3si9n/gigahorse-core_2.12/0.3.0/gigahorse-core_2.12-0.3.0.pom.sha1
Downloading https://repo1.maven.org/maven2/com/eed3si9n/sjson-new-murmurhash_2.12/0.8.0/sjson-new-murmurhash_2.12-0.8.0.pom
Downloaded https://repo1.maven.org/maven2/com/beachape/enumeratum-macros_2.12/1.5.9/enumeratum-macros_2.12-1.5.9.pom
Downloading https://repo1.maven.org/maven2/com/eed3si9n/sjson-new-murmurhash_2.12/0.8.0/sjson-new-murmurhash_2.12-0.8.0.pom.sha1
Downloaded https://repo1.maven.org/maven2/com/outr/scribe_2.12/2.5.0/scribe_2.12-2.5.0.pom
Downloading https://repo1.maven.org/maven2/org/apache/logging/log4j/log4j-core/2.8.1/log4j-core-2.8.1.pom
Downloaded https://repo1.maven.org/maven2/org/typelevel/cats-kernel_2.12/1.0.1/cats-kernel_2.12-1.0.1.pom
Downloading https://repo1.maven.org/maven2/org/apache/logging/log4j/log4j-core/2.8.1/log4j-core-2.8.1.pom.sha1
Downloaded https://repo1.maven.org/maven2/org/typelevel/cats-kernel_2.12/1.0.1/cats-kernel_2.12-1.0.1.pom.sha1
Downloading https://repo1.maven.org/maven2/com/lmax/disruptor/3.3.6/disruptor-3.3.6.pom.sha1
Downloaded https://repo1.maven.org/maven2/com/eed3si9n/gigahorse-core_2.12/0.3.0/gigahorse-core_2.12-0.3.0.pom
Downloading https://repo1.maven.org/maven2/com/lmax/disruptor/3.3.6/disruptor-3.3.6.pom
Downloaded https://repo1.maven.org/maven2/com/eed3si9n/sjson-new-murmurhash_2.12/0.8.0/sjson-new-murmurhash_2.12-0.8.0.pom.sha1
Downloading https://repo1.maven.org/maven2/org/scala-lang/scala-compiler/2.12.7/scala-compiler-2.12.7.pom
Downloaded https://repo1.maven.org/maven2/com/eed3si9n/sjson-new-murmurhash_2.12/0.8.0/sjson-new-murmurhash_2.12-0.8.0.pom
Downloading https://repo1.maven.org/maven2/com/eed3si9n/sjson-new-core_2.12/0.8.2/sjson-new-core_2.12-0.8.2.pom
Downloaded https://repo1.maven.org/maven2/org/apache/logging/log4j/log4j-core/2.8.1/log4j-core-2.8.1.pom.sha1
Downloading https://repo1.maven.org/maven2/jline/jline/2.14.4/jline-2.14.4.pom.sha1
Downloaded https://repo1.maven.org/maven2/org/apache/logging/log4j/log4j-core/2.8.1/log4j-core-2.8.1.pom
Downloading https://repo1.maven.org/maven2/com/eed3si9n/sjson-new-core_2.12/0.8.2/sjson-new-core_2.12-0.8.2.pom.sha1
Downloaded https://repo1.maven.org/maven2/com/lmax/disruptor/3.3.6/disruptor-3.3.6.pom.sha1
Downloading https://repo1.maven.org/maven2/com/swoval/apple-file-events/1.3.2/apple-file-events-1.3.2.pom.sha1
Downloaded https://repo1.maven.org/maven2/com/lmax/disruptor/3.3.6/disruptor-3.3.6.pom
Downloading https://repo1.maven.org/maven2/org/scala-lang/scala-compiler/2.12.7/scala-compiler-2.12.7.pom.sha1
Downloaded https://repo1.maven.org/maven2/org/scala-lang/scala-compiler/2.12.7/scala-compiler-2.12.7.pom
Downloading https://repo1.maven.org/maven2/jline/jline/2.14.4/jline-2.14.4.pom
Downloaded https://repo1.maven.org/maven2/com/eed3si9n/sjson-new-core_2.12/0.8.2/sjson-new-core_2.12-0.8.2.pom
Downloading https://repo1.maven.org/maven2/com/swoval/apple-file-events/1.3.2/apple-file-events-1.3.2.pom
Downloaded https://repo1.maven.org/maven2/jline/jline/2.14.4/jline-2.14.4.pom.sha1
Downloading https://repo1.maven.org/maven2/org/typelevel/cats-macros_2.12/1.0.1/cats-macros_2.12-1.0.1.pom
Downloaded https://repo1.maven.org/maven2/com/eed3si9n/sjson-new-core_2.12/0.8.2/sjson-new-core_2.12-0.8.2.pom.sha1
Downloading https://repo1.maven.org/maven2/org/typelevel/cats-macros_2.12/1.0.1/cats-macros_2.12-1.0.1.pom.sha1
Downloaded https://repo1.maven.org/maven2/com/swoval/apple-file-events/1.3.2/apple-file-events-1.3.2.pom.sha1
Downloading https://repo1.maven.org/maven2/com/google/protobuf/protobuf-java/3.5.1/
Downloaded https://repo1.maven.org/maven2/com/swoval/apple-file-events/1.3.2/apple-file-events-1.3.2.pom
Downloading https://repo1.maven.org/maven2/com/lihaoyi/fastparse_2.12/1.0.0/
Downloaded https://repo1.maven.org/maven2/org/typelevel/cats-macros_2.12/1.0.1/cats-macros_2.12-1.0.1.pom.sha1
Downloading https://repo1.maven.org/maven2/com/thesamet/scalapb/lenses_2.12/0.8.0-RC1/
Downloaded https://repo1.maven.org/maven2/com/google/protobuf/protobuf-java/3.5.1/
Downloading https://repo1.maven.org/maven2/org/scala-lang/scala-reflect/2.12.6/
Downloaded https://repo1.maven.org/maven2/org/scala-lang/scala-compiler/2.12.7/scala-compiler-2.12.7.pom.sha1
Downloading https://repo1.maven.org/maven2/org/typelevel/cats-core_2.12/1.1.0/cats-core_2.12-1.1.0.pom
Downloaded https://repo1.maven.org/maven2/jline/jline/2.14.4/jline-2.14.4.pom
Downloading https://repo1.maven.org/maven2/org/typelevel/cats-core_2.12/1.1.0/cats-core_2.12-1.1.0.pom.sha1
Downloaded https://repo1.maven.org/maven2/com/lihaoyi/fastparse_2.12/1.0.0/
Downloading https://repo1.maven.org/maven2/org/scala-sbt/util-interface/1.2.1/util-interface-1.2.1.pom
Downloaded https://repo1.maven.org/maven2/com/thesamet/scalapb/lenses_2.12/0.8.0-RC1/
Downloading https://repo1.maven.org/maven2/org/scala-sbt/util-interface/1.2.1/util-interface-1.2.1.pom.sha1
Downloaded https://repo1.maven.org/maven2/org/scala-lang/scala-reflect/2.12.6/
Downloading https://repo1.maven.org/maven2/net/java/dev/jna/jna-platform/4.5.0/
Downloaded https://repo1.maven.org/maven2/org/typelevel/cats-macros_2.12/1.0.1/cats-macros_2.12-1.0.1.pom
Downloading https://repo1.maven.org/maven2/org/typelevel/machinist_2.12/0.6.2/machinist_2.12-0.6.2.pom
Downloaded https://repo1.maven.org/maven2/net/java/dev/jna/jna-platform/4.5.0/
Downloading https://repo1.maven.org/maven2/org/typelevel/machinist_2.12/0.6.2/machinist_2.12-0.6.2.pom.sha1
Downloaded https://repo1.maven.org/maven2/org/typelevel/cats-core_2.12/1.1.0/cats-core_2.12-1.1.0.pom.sha1
Downloading https://repo1.maven.org/maven2/com/squareup/okhttp3/okhttp/3.7.0/
Downloaded https://repo1.maven.org/maven2/org/typelevel/machinist_2.12/0.6.2/machinist_2.12-0.6.2.pom
Downloading https://repo1.maven.org/maven2/ch/epfl/scala/compiler-bridge_2.12/1.2.1+106-0dad4a69/
Downloaded https://repo1.maven.org/maven2/org/scala-sbt/util-interface/1.2.1/util-interface-1.2.1.pom.sha1
Downloading https://repo1.maven.org/maven2/org/scala-sbt/util-cache_2.12/1.2.0/
Downloaded https://repo1.maven.org/maven2/org/typelevel/cats-core_2.12/1.1.0/cats-core_2.12-1.1.0.pom
Downloading https://repo1.maven.org/maven2/com/jcraft/jsch/0.1.54/
Downloaded https://repo1.maven.org/maven2/org/scala-sbt/util-interface/1.2.1/util-interface-1.2.1.pom
Downloading https://repo1.maven.org/maven2/org/scala-sbt/util-position_2.12/1.2.0/
Downloaded https://repo1.maven.org/maven2/com/squareup/okhttp3/okhttp/3.7.0/
Downloading https://repo1.maven.org/maven2/com/eed3si9n/sjson-new-scalajson_2.12/0.8.2/
Downloaded https://repo1.maven.org/maven2/org/typelevel/machinist_2.12/0.6.2/machinist_2.12-0.6.2.pom.sha1
Downloading https://repo1.maven.org/maven2/org/apache/logging/log4j/log4j-api/2.8.1/
Downloaded https://repo1.maven.org/maven2/com/jcraft/jsch/0.1.54/
Downloading https://repo1.maven.org/maven2/com/beachape/enumeratum-macros_2.12/1.5.9/
Downloaded https://repo1.maven.org/maven2/org/scala-sbt/util-cache_2.12/1.2.0/
Downloading https://repo1.maven.org/maven2/com/outr/scribe_2.12/2.5.0/
Downloaded https://repo1.maven.org/maven2/org/scala-sbt/util-position_2.12/1.2.0/
Downloading https://repo1.maven.org/maven2/org/typelevel/cats-kernel_2.12/1.0.1/
Downloaded https://repo1.maven.org/maven2/com/eed3si9n/sjson-new-scalajson_2.12/0.8.2/
Downloading https://repo1.maven.org/maven2/com/eed3si9n/gigahorse-core_2.12/0.3.0/
Downloaded https://repo1.maven.org/maven2/org/apache/logging/log4j/log4j-api/2.8.1/
Downloading https://repo1.maven.org/maven2/com/eed3si9n/sjson-new-murmurhash_2.12/0.8.0/
Downloaded https://repo1.maven.org/maven2/com/outr/scribe_2.12/2.5.0/
Downloading https://repo1.maven.org/maven2/org/apache/logging/log4j/log4j-core/2.8.1/
Downloaded https://repo1.maven.org/maven2/org/typelevel/cats-kernel_2.12/1.0.1/
Downloading https://repo1.maven.org/maven2/com/lmax/disruptor/3.3.6/
Downloaded https://repo1.maven.org/maven2/ch/epfl/scala/compiler-bridge_2.12/1.2.1+106-0dad4a69/
Downloading https://repo1.maven.org/maven2/com/eed3si9n/sjson-new-core_2.12/0.8.2/
Downloaded https://repo1.maven.org/maven2/com/eed3si9n/gigahorse-core_2.12/0.3.0/
Downloading https://repo1.maven.org/maven2/com/swoval/apple-file-events/1.3.2/
Downloaded https://repo1.maven.org/maven2/com/eed3si9n/sjson-new-murmurhash_2.12/0.8.0/
Downloading https://repo1.maven.org/maven2/org/scala-lang/scala-compiler/2.12.7/
Downloaded https://repo1.maven.org/maven2/com/beachape/enumeratum-macros_2.12/1.5.9/
Downloading https://repo1.maven.org/maven2/jline/jline/2.14.4/
Downloaded https://repo1.maven.org/maven2/org/apache/logging/log4j/log4j-core/2.8.1/
Downloading https://repo1.maven.org/maven2/org/typelevel/cats-macros_2.12/1.0.1/
Downloaded https://repo1.maven.org/maven2/com/lmax/disruptor/3.3.6/
Downloading https://repo1.maven.org/maven2/org/scala-sbt/util-interface/1.2.1/
Downloaded https://repo1.maven.org/maven2/com/eed3si9n/sjson-new-core_2.12/0.8.2/
Downloading https://repo1.maven.org/maven2/org/typelevel/machinist_2.12/0.6.2/
Downloaded https://repo1.maven.org/maven2/com/swoval/apple-file-events/1.3.2/
Downloading https://repo1.maven.org/maven2/org/typelevel/cats-core_2.12/1.1.0/
Downloaded https://repo1.maven.org/maven2/org/scala-lang/scala-compiler/2.12.7/
Downloaded https://repo1.maven.org/maven2/jline/jline/2.14.4/
Downloaded https://repo1.maven.org/maven2/org/typelevel/cats-macros_2.12/1.0.1/
Downloaded https://repo1.maven.org/maven2/org/scala-sbt/util-interface/1.2.1/
Downloaded https://repo1.maven.org/maven2/org/typelevel/machinist_2.12/0.6.2/
Downloaded https://repo1.maven.org/maven2/org/typelevel/cats-core_2.12/1.1.0/
Downloading https://repo1.maven.org/maven2/org/apache/logging/log4j/log4j/2.8.1/log4j-2.8.1.pom
Downloading https://repo1.maven.org/maven2/org/apache/logging/log4j/log4j/2.8.1/log4j-2.8.1.pom.sha1
Downloading https://repo1.maven.org/maven2/com/google/protobuf/protobuf-parent/3.5.1/
Downloading https://repo1.maven.org/maven2/org/sonatype/oss/oss-parent/9/
Downloaded https://repo1.maven.org/maven2/org/apache/logging/log4j/log4j/2.8.1/log4j-2.8.1.pom.sha1
Downloaded https://repo1.maven.org/maven2/org/sonatype/oss/oss-parent/9/
Downloaded https://repo1.maven.org/maven2/com/google/protobuf/protobuf-parent/3.5.1/
Downloaded https://repo1.maven.org/maven2/org/apache/logging/log4j/log4j/2.8.1/log4j-2.8.1.pom
Downloading https://repo1.maven.org/maven2/org/apache/logging/log4j/log4j/2.8.1/
Downloaded https://repo1.maven.org/maven2/org/apache/logging/log4j/log4j/2.8.1/
Downloading https://repo1.maven.org/maven2/org/apache/logging/logging-parent/1/logging-parent-1.pom
Downloading https://repo1.maven.org/maven2/org/apache/logging/logging-parent/1/logging-parent-1.pom.sha1
Downloading https://repo1.maven.org/maven2/com/google/google/1/
Downloaded https://repo1.maven.org/maven2/org/apache/logging/logging-parent/1/logging-parent-1.pom
Downloaded https://repo1.maven.org/maven2/org/apache/logging/logging-parent/1/logging-parent-1.pom.sha1
Downloading https://repo1.maven.org/maven2/org/apache/logging/logging-parent/1/
Downloaded https://repo1.maven.org/maven2/com/google/google/1/
Downloaded https://repo1.maven.org/maven2/org/apache/logging/logging-parent/1/
Downloading https://repo1.maven.org/maven2/org/apache/apache/18/apache-18.pom
Downloading https://repo1.maven.org/maven2/org/apache/apache/18/apache-18.pom.sha1
Downloaded https://repo1.maven.org/maven2/org/apache/apache/18/apache-18.pom.sha1
Downloaded https://repo1.maven.org/maven2/org/apache/apache/18/apache-18.pom
Downloading https://repo1.maven.org/maven2/org/apache/apache/18/
Downloaded https://repo1.maven.org/maven2/org/apache/apache/18/
Downloading https://repo1.maven.org/maven2/com/squareup/okio/okio/1.12.0/okio-1.12.0.pom
Downloading https://repo1.maven.org/maven2/com/squareup/okio/okio/1.12.0/okio-1.12.0.pom.sha1
Downloading https://repo1.maven.org/maven2/com/outr/perfolation_2.12/1.0.2/perfolation_2.12-1.0.2.pom
Downloading https://repo1.maven.org/maven2/com/outr/scribe-macros_2.12/2.5.0/scribe-macros_2.12-2.5.0.pom
Downloading https://repo1.maven.org/maven2/com/outr/perfolation_2.12/1.0.2/perfolation_2.12-1.0.2.pom.sha1
Downloading https://repo1.maven.org/maven2/com/outr/scribe-macros_2.12/2.5.0/scribe-macros_2.12-2.5.0.pom.sha1
Downloaded https://repo1.maven.org/maven2/com/outr/perfolation_2.12/1.0.2/perfolation_2.12-1.0.2.pom
Downloading https://repo1.maven.org/maven2/com/typesafe/ssl-config-core_2.12/0.2.2/ssl-config-core_2.12-0.2.2.pom
Downloaded https://repo1.maven.org/maven2/com/squareup/okio/okio/1.12.0/okio-1.12.0.pom.sha1
Downloading https://repo1.maven.org/maven2/org/typelevel/cats-macros_2.12/1.1.0/cats-macros_2.12-1.1.0.pom
Downloaded https://repo1.maven.org/maven2/com/squareup/okio/okio/1.12.0/okio-1.12.0.pom
Downloading https://repo1.maven.org/maven2/com/typesafe/ssl-config-core_2.12/0.2.2/ssl-config-core_2.12-0.2.2.pom.sha1
Downloaded https://repo1.maven.org/maven2/com/outr/perfolation_2.12/1.0.2/perfolation_2.12-1.0.2.pom.sha1
Downloading https://repo1.maven.org/maven2/org/typelevel/cats-macros_2.12/1.1.0/cats-macros_2.12-1.1.0.pom.sha1
Downloaded https://repo1.maven.org/maven2/com/outr/scribe-macros_2.12/2.5.0/scribe-macros_2.12-2.5.0.pom
Downloading https://repo1.maven.org/maven2/com/eed3si9n/sjson-new-murmurhash_2.12/0.8.2/sjson-new-murmurhash_2.12-0.8.2.pom
Downloaded https://repo1.maven.org/maven2/com/outr/scribe-macros_2.12/2.5.0/scribe-macros_2.12-2.5.0.pom.sha1
Downloading https://repo1.maven.org/maven2/com/eed3si9n/sjson-new-murmurhash_2.12/0.8.2/sjson-new-murmurhash_2.12-0.8.2.pom.sha1
Downloaded https://repo1.maven.org/maven2/org/typelevel/cats-macros_2.12/1.1.0/cats-macros_2.12-1.1.0.pom
Downloading https://repo1.maven.org/maven2/org/typelevel/cats-kernel_2.12/1.1.0/cats-kernel_2.12-1.1.0.pom
Downloaded https://repo1.maven.org/maven2/com/typesafe/ssl-config-core_2.12/0.2.2/ssl-config-core_2.12-0.2.2.pom.sha1
Downloading https://repo1.maven.org/maven2/org/typelevel/cats-kernel_2.12/1.1.0/cats-kernel_2.12-1.1.0.pom.sha1
Downloaded https://repo1.maven.org/maven2/com/typesafe/ssl-config-core_2.12/0.2.2/ssl-config-core_2.12-0.2.2.pom
Downloading https://repo1.maven.org/maven2/com/github/wumpz/diffutils/2.2/diffutils-2.2.pom
Downloaded https://repo1.maven.org/maven2/org/typelevel/cats-macros_2.12/1.1.0/cats-macros_2.12-1.1.0.pom.sha1
Downloading https://repo1.maven.org/maven2/com/github/wumpz/diffutils/2.2/diffutils-2.2.pom.sha1
Downloaded https://repo1.maven.org/maven2/com/eed3si9n/sjson-new-murmurhash_2.12/0.8.2/sjson-new-murmurhash_2.12-0.8.2.pom.sha1
Downloading https://repo1.maven.org/maven2/com/eed3si9n/shaded-scalajson_2.12/1.0.0-M4/shaded-scalajson_2.12-1.0.0-M4.pom
Downloaded https://repo1.maven.org/maven2/org/typelevel/cats-kernel_2.12/1.1.0/cats-kernel_2.12-1.1.0.pom
Downloading https://repo1.maven.org/maven2/com/eed3si9n/shaded-scalajson_2.12/1.0.0-M4/shaded-scalajson_2.12-1.0.0-M4.pom.sha1
Downloaded https://repo1.maven.org/maven2/org/typelevel/cats-kernel_2.12/1.1.0/cats-kernel_2.12-1.1.0.pom.sha1
Downloading https://repo1.maven.org/maven2/org/scala-lang/scala-reflect/2.12.7/scala-reflect-2.12.7.pom
Downloaded https://repo1.maven.org/maven2/com/github/wumpz/diffutils/2.2/diffutils-2.2.pom
Downloading https://repo1.maven.org/maven2/org/scala-lang/scala-reflect/2.12.7/scala-reflect-2.12.7.pom.sha1
Downloaded https://repo1.maven.org/maven2/com/github/wumpz/diffutils/2.2/diffutils-2.2.pom.sha1
Downloading https://repo1.maven.org/maven2/com/lihaoyi/fastparse-utils_2.12/1.0.0/
Downloaded https://repo1.maven.org/maven2/com/eed3si9n/sjson-new-murmurhash_2.12/0.8.2/sjson-new-murmurhash_2.12-0.8.2.pom
Downloading https://repo1.maven.org/maven2/com/outr/perfolation_2.12/1.0.2/
Downloaded https://repo1.maven.org/maven2/com/eed3si9n/shaded-scalajson_2.12/1.0.0-M4/shaded-scalajson_2.12-1.0.0-M4.pom
Downloading https://repo1.maven.org/maven2/com/squareup/okio/okio/1.12.0/
Downloaded https://repo1.maven.org/maven2/com/eed3si9n/shaded-scalajson_2.12/1.0.0-M4/shaded-scalajson_2.12-1.0.0-M4.pom.sha1
Downloading https://repo1.maven.org/maven2/com/outr/scribe-macros_2.12/2.5.0/
Downloaded https://repo1.maven.org/maven2/org/scala-lang/scala-reflect/2.12.7/scala-reflect-2.12.7.pom
Downloading https://repo1.maven.org/maven2/com/typesafe/ssl-config-core_2.12/0.2.2/
Downloaded https://repo1.maven.org/maven2/org/scala-lang/scala-reflect/2.12.7/scala-reflect-2.12.7.pom.sha1
Downloading https://repo1.maven.org/maven2/org/typelevel/cats-macros_2.12/1.1.0/
Downloaded https://repo1.maven.org/maven2/com/lihaoyi/fastparse-utils_2.12/1.0.0/
Downloading https://repo1.maven.org/maven2/com/github/wumpz/diffutils/2.2/
Downloaded https://repo1.maven.org/maven2/com/outr/perfolation_2.12/1.0.2/
Downloading https://repo1.maven.org/maven2/org/typelevel/cats-kernel_2.12/1.1.0/
Downloaded https://repo1.maven.org/maven2/com/squareup/okio/okio/1.12.0/
Downloading https://repo1.maven.org/maven2/com/eed3si9n/sjson-new-murmurhash_2.12/0.8.2/
Downloaded https://repo1.maven.org/maven2/com/outr/scribe-macros_2.12/2.5.0/
Downloading https://repo1.maven.org/maven2/com/eed3si9n/shaded-scalajson_2.12/1.0.0-M4/
Downloaded https://repo1.maven.org/maven2/com/typesafe/ssl-config-core_2.12/0.2.2/
Downloading https://repo1.maven.org/maven2/org/scala-lang/scala-reflect/2.12.7/
Downloaded https://repo1.maven.org/maven2/com/github/wumpz/diffutils/2.2/
Downloaded https://repo1.maven.org/maven2/org/typelevel/cats-kernel_2.12/1.1.0/
Downloaded https://repo1.maven.org/maven2/org/typelevel/cats-macros_2.12/1.1.0/
Downloaded https://repo1.maven.org/maven2/com/eed3si9n/sjson-new-murmurhash_2.12/0.8.2/
Downloaded https://repo1.maven.org/maven2/com/eed3si9n/shaded-scalajson_2.12/1.0.0-M4/
Downloaded https://repo1.maven.org/maven2/org/scala-lang/scala-reflect/2.12.7/
Downloading https://repo1.maven.org/maven2/com/squareup/okio/okio-parent/1.12.0/okio-parent-1.12.0.pom
Downloading https://repo1.maven.org/maven2/com/squareup/okio/okio-parent/1.12.0/okio-parent-1.12.0.pom.sha1
Downloaded https://repo1.maven.org/maven2/com/squareup/okio/okio-parent/1.12.0/okio-parent-1.12.0.pom
Downloaded https://repo1.maven.org/maven2/com/squareup/okio/okio-parent/1.12.0/okio-parent-1.12.0.pom.sha1
Downloading https://repo1.maven.org/maven2/com/squareup/okio/okio-parent/1.12.0/
Downloaded https://repo1.maven.org/maven2/com/squareup/okio/okio-parent/1.12.0/
Downloading https://repo1.maven.org/maven2/com/outr/perfolation-macros_2.12/1.0.2/perfolation-macros_2.12-1.0.2.pom
Downloading https://repo1.maven.org/maven2/org/eclipse/jgit/org.eclipse.jgit/4.4.1.201607150455-r/org.eclipse.jgit-4.4.1.201607150455-r.pom.sha1
Downloading https://repo1.maven.org/maven2/com/outr/perfolation-macros_2.12/1.0.2/perfolation-macros_2.12-1.0.2.pom.sha1
Downloading https://repo1.maven.org/maven2/org/eclipse/jgit/org.eclipse.jgit/4.4.1.201607150455-r/org.eclipse.jgit-4.4.1.201607150455-r.pom
Downloading https://repo1.maven.org/maven2/com/typesafe/config/1.2.0/config-1.2.0.pom
Downloading https://repo1.maven.org/maven2/com/typesafe/config/1.2.0/config-1.2.0.pom.sha1
Downloaded https://repo1.maven.org/maven2/org/eclipse/jgit/org.eclipse.jgit/4.4.1.201607150455-r/org.eclipse.jgit-4.4.1.201607150455-r.pom.sha1
Downloaded https://repo1.maven.org/maven2/com/typesafe/config/1.2.0/config-1.2.0.pom.sha1
Downloaded https://repo1.maven.org/maven2/com/typesafe/config/1.2.0/config-1.2.0.pom
Downloading https://repo1.maven.org/maven2/com/typesafe/config/1.2.0/
Downloaded https://repo1.maven.org/maven2/com/outr/perfolation-macros_2.12/1.0.2/perfolation-macros_2.12-1.0.2.pom
Downloaded https://repo1.maven.org/maven2/org/eclipse/jgit/org.eclipse.jgit/4.4.1.201607150455-r/org.eclipse.jgit-4.4.1.201607150455-r.pom
Downloading https://repo1.maven.org/maven2/org/eclipse/jgit/org.eclipse.jgit/4.4.1.201607150455-r/
Downloaded https://repo1.maven.org/maven2/com/typesafe/config/1.2.0/
Downloaded https://repo1.maven.org/maven2/com/outr/perfolation-macros_2.12/1.0.2/perfolation-macros_2.12-1.0.2.pom.sha1
Downloading https://repo1.maven.org/maven2/com/outr/perfolation-macros_2.12/1.0.2/
Downloaded https://repo1.maven.org/maven2/org/eclipse/jgit/org.eclipse.jgit/4.4.1.201607150455-r/
Downloaded https://repo1.maven.org/maven2/com/outr/perfolation-macros_2.12/1.0.2/
Downloading https://repo1.maven.org/maven2/org/eclipse/jgit/org.eclipse.jgit-parent/4.4.1.201607150455-r/org.eclipse.jgit-parent-4.4.1.201607150455-r.pom
Downloading https://repo1.maven.org/maven2/org/eclipse/jgit/org.eclipse.jgit-parent/4.4.1.201607150455-r/org.eclipse.jgit-parent-4.4.1.201607150455-r.pom.sha1
Downloaded https://repo1.maven.org/maven2/org/eclipse/jgit/org.eclipse.jgit-parent/4.4.1.201607150455-r/org.eclipse.jgit-parent-4.4.1.201607150455-r.pom.sha1
Downloaded https://repo1.maven.org/maven2/org/eclipse/jgit/org.eclipse.jgit-parent/4.4.1.201607150455-r/org.eclipse.jgit-parent-4.4.1.201607150455-r.pom
Downloading https://repo1.maven.org/maven2/org/eclipse/jgit/org.eclipse.jgit-parent/4.4.1.201607150455-r/
Downloaded https://repo1.maven.org/maven2/org/eclipse/jgit/org.eclipse.jgit-parent/4.4.1.201607150455-r/
[33mwarn [0m BSP retry 1
[34minfo [0m running embedded 'bloop bsp --protocol tcp --host 127.0.0.1 --port 57848'
[33mwarn [0m BSP retry 2
[34minfo [0m running embedded 'bloop bsp --protocol tcp --host 127.0.0.1 --port 57852'
[33mwarn [0m BSP retry 3
[34minfo [0m running embedded 'bloop bsp --protocol tcp --host 127.0.0.1 --port 57854'
[33mwarn [0m BSP retry 4
[34minfo [0m running embedded 'bloop bsp --protocol tcp --host 127.0.0.1 --port 57856'
[33mwarn [0m BSP retry 5
[34minfo [0m running embedded 'bloop bsp --protocol tcp --host 127.0.0.1 --port 57858'
[33mwarn [0m BSP retry 6
[34minfo [0m running embedded 'bloop bsp --protocol tcp --host 127.0.0.1 --port 57860'
[33mwarn [0m BSP retry 7
[34minfo [0m running embedded 'bloop bsp --protocol tcp --host 127.0.0.1 --port 57862'
[33mwarn [0m BSP retry 8
[34minfo [0m running embedded 'bloop bsp --protocol tcp --host 127.0.0.1 --port 57864'
[33mwarn [0m BSP retry 9
[34minfo [0m running embedded 'bloop bsp --protocol tcp --host 127.0.0.1 --port 57866'
[33mwarn [0m BSP retry 10
[34minfo [0m running embedded 'bloop bsp --protocol tcp --host 127.0.0.1 --port 57868'
[31merror[0m Failed to connect with build server, no functionality will work.
java.net.ConnectException: Connection refused: connect
	at java.net.DualStackPlainSocketImpl.connect0(Native Method)
	at java.net.DualStackPlainSocketImpl.socketConnect(null)
	at java.net.AbstractPlainSocketImpl.doConnect(null)
	at java.net.AbstractPlainSocketImpl.connectToAddress(null)
	at java.net.AbstractPlainSocketImpl.connect(null)
	at java.net.PlainSocketImpl.connect(null)
	at java.net.SocksSocketImpl.connect(null)
	at java.net.Socket.connect(null)
	at java.net.Socket.connect(null)
	at java.net.Socket.<init>(null)
	at java.net.Socket.<init>(null)
	at scala.meta.internal.metals.BloopServers.$anonfun$callTcpBsp$2(BloopServers.scala:171)
	at scala.meta.internal.metals.BloopServers.$anonfun$callBloopMain$1(BloopServers.scala:204)
	at scala.util.Success.$anonfun$map$1(Try.scala:255)
	at scala.util.Success.map(Try.scala:213)
	at scala.concurrent.Future.$anonfun$map$1(Future.scala:292)
	at scala.concurrent.impl.Promise.liftedTree1$1(Promise.scala:33)
	at scala.concurrent.impl.Promise.$anonfun$transform$1(Promise.scala:33)
	at scala.concurrent.impl.CallbackRunnable.run(Promise.scala:64)
	at java.util.concurrent.ThreadPoolExecutor.runWorker(null)
	at java.util.concurrent.ThreadPoolExecutor$Worker.run(null)
	at java.lang.Thread.run(null)

[34minfo [0m shutting down Metals
